[23:53:52] [ServerMain/INFO]: Environment: Environment[sessionHost=https://sessionserver.mojang.com, servicesHost=https://api.minecraftservices.com, name=PROD]
[23:53:52] [ServerMain/INFO]: Found new data pack file/bukkit, loading it automatically
[23:53:52] [ServerMain/INFO]: No existing world data, creating new world
[23:53:52] [ServerMain/INFO]: Loaded 1337 recipes
[23:53:53] [Server thread/INFO]: Starting minecraft server version 1.21.3
[23:53:53] [Server thread/INFO]: Loading properties
[23:53:53] [Server thread/INFO]: This server is running CraftBukkit version 4398-Spigot-60c9969-561ceb9 (MC: 1.21.3) (Implementing API version 1.21.3-R0.1-SNAPSHOT)
[23:53:53] [Server thread/INFO]: *** This version of Spigot contains changes to some enums. If you notice that plugins no longer work after updating, please report this to the developers of those plugins first. ***
[23:53:53] [Server thread/INFO]: *** If you cannot update those plugins, you can try setting `settings.compatibility.enum-compatibility-mode` to `true` in `bukkit.yml`. ***
[23:53:53] [Server thread/INFO]: Server Ping Player Sample Count: 12
[23:53:53] [Server thread/INFO]: Using 4 threads for Netty based IO
[23:53:53] [Server thread/INFO]: Debug logging is disabled
[23:53:53] [Server thread/INFO]: Default game type: SURVIVAL
[23:53:53] [Server thread/INFO]: Generating keypair
[23:53:53] [Server thread/INFO]: Starting Minecraft server on *:25565
[23:53:53] [Server thread/INFO]: Using epoll channel type
[23:53:53] [Server thread/ERROR]: Could not load 'plugins/CustomDiscs-2.1.1.jar'
org.bukkit.plugin.UnknownDependencyException: Unknown dependency voicechat. Please download and install voicechat to run this plugin.
	at org.bukkit.plugin.SimplePluginManager.loadPlugins(SimplePluginManager.java:280) ~[spigot-api-1.21.3-R0.1-SNAPSHOT.jar:?]
	at org.bukkit.plugin.SimplePluginManager.loadPlugins(SimplePluginManager.java:122) ~[spigot-api-1.21.3-R0.1-SNAPSHOT.jar:?]
	at org.bukkit.craftbukkit.v1_21_R2.CraftServer.loadPlugins(CraftServer.java:468) ~[spigot-1.21.3-R0.1-SNAPSHOT.jar:4398-Spigot-60c9969-561ceb9]
	at net.minecraft.server.dedicated.DedicatedServer.e(DedicatedServer.java:235) ~[spigot-1.21.3-R0.1-SNAPSHOT.jar:4398-Spigot-60c9969-561ceb9]
	at net.minecraft.server.MinecraftServer.y(MinecraftServer.java:1032) ~[spigot-1.21.3-R0.1-SNAPSHOT.jar:4398-Spigot-60c9969-561ceb9]
	at net.minecraft.server.MinecraftServer.lambda$spin$0(MinecraftServer.java:329) ~[spigot-1.21.3-R0.1-SNAPSHOT.jar:4398-Spigot-60c9969-561ceb9]
	at java.base/java.lang.Thread.run(Thread.java:1575) [?:?]
[23:53:53] [Server thread/ERROR]: Could not load 'plugins/worldguard-bukkit-7.0.13-beta-1-dist.jar'
org.bukkit.plugin.UnknownDependencyException: Unknown dependency WorldEdit. Please download and install WorldEdit to run this plugin.
	at org.bukkit.plugin.SimplePluginManager.loadPlugins(SimplePluginManager.java:280) ~[spigot-api-1.21.3-R0.1-SNAPSHOT.jar:?]
	at org.bukkit.plugin.SimplePluginManager.loadPlugins(SimplePluginManager.java:122) ~[spigot-api-1.21.3-R0.1-SNAPSHOT.jar:?]
	at org.bukkit.craftbukkit.v1_21_R2.CraftServer.loadPlugins(CraftServer.java:468) ~[spigot-1.21.3-R0.1-SNAPSHOT.jar:4398-Spigot-60c9969-561ceb9]
	at net.minecraft.server.dedicated.DedicatedServer.e(DedicatedServer.java:235) ~[spigot-1.21.3-R0.1-SNAPSHOT.jar:4398-Spigot-60c9969-561ceb9]
	at net.minecraft.server.MinecraftServer.y(MinecraftServer.java:1032) ~[spigot-1.21.3-R0.1-SNAPSHOT.jar:4398-Spigot-60c9969-561ceb9]
	at net.minecraft.server.MinecraftServer.lambda$spin$0(MinecraftServer.java:329) ~[spigot-1.21.3-R0.1-SNAPSHOT.jar:4398-Spigot-60c9969-561ceb9]
	at java.base/java.lang.Thread.run(Thread.java:1575) [?:?]
[23:53:53] [Server thread/INFO]: [ViaVersion] Loading ViaVersion v5.2.1
[23:53:53] [Server thread/INFO]: [ViaVersion] ViaVersion 5.2.1 is now loaded. Registering protocol transformers and injecting...
[23:53:54] [Via-Mappingloader-0/INFO]: [ViaVersion] Loading block connection mappings ...
[23:53:54] [Via-Mappingloader-0/INFO]: [ViaVersion] Using FastUtil Long2ObjectOpenHashMap for block connections
[23:53:54] [Server thread/INFO]: [ViaBackwards] Loading translations...
[23:53:54] [Server thread/INFO]: [ViaBackwards] Registering protocols...
[23:53:54] [Server thread/INFO]: [ViaRewind] Registering protocols...
[23:53:54] [Server thread/INFO]: [OpenSit] Loading OpenSit v1.0.5
[23:53:54] [Server thread/INFO]: [Vault] Loading Vault v1.7.3-b131
[23:53:54] [Server thread/INFO]: [PlasmoVoice] Loading PlasmoVoice v2.1.2
[23:53:54] [Server thread/INFO]: [ViaBackwards] Loading ViaBackwards v5.2.1
[23:53:54] [Server thread/INFO]: [ViaRewind] Loading ViaRewind v4.0.5
[23:53:54] [Server thread/INFO]: [Skript] Loading Skript v2.9.5
[23:53:54] [Server thread/INFO]: [Essentials] Loading Essentials v2.21.0-dev+154-667b0f7
[23:53:54] [Server thread/INFO]: [EssentialsSpawn] Loading EssentialsSpawn v2.21.0-dev+154-667b0f7
[23:53:54] [Server thread/INFO]: [EssentialsChat] Loading EssentialsChat v2.21.0-dev+154-667b0f7
[23:53:54] [Server thread/INFO]: [OpenSit] Enabling OpenSit v1.0.5
[23:53:54] [Server thread/INFO]: [Vault] Enabling Vault v1.7.3-b131
[23:53:54] [Server thread/WARN]: [Vault] Loaded class com.earth2me.essentials.api.Economy from Essentials v2.21.0-dev+154-667b0f7 which is not a depend or softdepend of this plugin.
[23:53:54] [Server thread/INFO]: [Vault] [Economy] Essentials Economy found: Waiting
[23:53:54] [Server thread/INFO]: [Vault] [Permission] SuperPermissions loaded as backup permission system.
[23:53:54] [Server thread/INFO]: [Vault] Enabled Version 1.7.3-b131
[23:53:54] [Server thread/INFO]: [PlasmoVoice] Enabling PlasmoVoice v2.1.2
[23:53:54] [Server thread/INFO]: UDP server is started on /[0:0:0:0:0:0:0:0]:25565
[23:53:55] [Server thread/INFO]: [ViaRewind] Enabling ViaRewind v4.0.5
[23:53:55] [Server thread/WARN]: **** SERVER IS RUNNING IN OFFLINE/INSECURE MODE!
[23:53:55] [Server thread/WARN]: The server will make no attempt to authenticate usernames. Beware.
[23:53:55] [Server thread/WARN]: While this makes the game possible to play without internet access, it also opens up the ability for hackers to connect with any username they choose.
[23:53:55] [Server thread/WARN]: To change this, set "online-mode" to "true" in the server.properties file.
[23:53:55] [Server thread/INFO]: Preparing level "world"
[23:53:55] [Server thread/INFO]: -------- World Settings For [world] --------
[23:53:55] [Server thread/INFO]: Experience Merge Radius: 3.0
[23:53:55] [Server thread/INFO]: Mob Spawn Range: 6
[23:53:55] [Server thread/INFO]: Custom Map Seeds:  Village: 10387312 Desert: 14357617 Igloo: 14357618 Jungle: 14357619 Swamp: 14357620 Monument: 10387313 Ocean: 14357621 Shipwreck: 165745295 End City: 10387313 Slime: 987234911 Nether: 30084232 Mansion: 10387319 Fossil: 14357921 Portal: 34222645
[23:53:55] [Server thread/INFO]: Max TNT Explosions: 100
[23:53:55] [Server thread/INFO]: Tile Max Tick Time: 50ms Entity max Tick Time: 50ms
[23:53:55] [Server thread/INFO]: Cactus Growth Modifier: 100%
[23:53:55] [Server thread/INFO]: Cane Growth Modifier: 100%
[23:53:55] [Server thread/INFO]: Melon Growth Modifier: 100%
[23:53:55] [Server thread/INFO]: Mushroom Growth Modifier: 100%
[23:53:55] [Server thread/INFO]: Pumpkin Growth Modifier: 100%
[23:53:55] [Server thread/INFO]: Sapling Growth Modifier: 100%
[23:53:55] [Server thread/INFO]: Beetroot Growth Modifier: 100%
[23:53:55] [Server thread/INFO]: Carrot Growth Modifier: 100%
[23:53:55] [Server thread/INFO]: Potato Growth Modifier: 100%
[23:53:55] [Server thread/INFO]: Wheat Growth Modifier: 100%
[23:53:55] [Server thread/INFO]: NetherWart Growth Modifier: 100%
[23:53:55] [Server thread/INFO]: Vine Growth Modifier: 100%
[23:53:55] [Server thread/INFO]: Cocoa Growth Modifier: 100%
[23:53:55] [Server thread/INFO]: Bamboo Growth Modifier: 100%
[23:53:55] [Server thread/INFO]: SweetBerry Growth Modifier: 100%
[23:53:55] [Server thread/INFO]: Kelp Growth Modifier: 100%
[23:53:55] [Server thread/INFO]: TwistingVines Growth Modifier: 100%
[23:53:55] [Server thread/INFO]: WeepingVines Growth Modifier: 100%
[23:53:55] [Server thread/INFO]: CaveVines Growth Modifier: 100%
[23:53:55] [Server thread/INFO]: Entity Activation Range: An 32 / Mo 32 / Ra 48 / Mi 16 / Tiv true / Isa false
[23:53:55] [Server thread/INFO]: Entity Tracking Range: Pl 48 / An 48 / Mo 48 / Mi 32 / Di 128 / Other 64
[23:53:55] [Server thread/INFO]: Hopper Transfer: 8 Hopper Check: 1 Hopper Amount: 1 Hopper Can Load Chunks: false
[23:53:55] [Server thread/INFO]: View Distance: 12
[23:53:55] [Server thread/INFO]: Simulation Distance: 6
[23:53:55] [Server thread/INFO]: Item Despawn Rate: 6000
[23:53:55] [Server thread/INFO]: Item Merge Radius: 2.5
[23:53:55] [Server thread/INFO]: Arrow Despawn Rate: 1200 Trident Respawn Rate:1200
[23:53:55] [Server thread/INFO]: Allow Zombie Pigmen to spawn from portal blocks: true
[23:53:55] [Server thread/INFO]: Zombie Aggressive Towards Villager: true
[23:53:55] [Server thread/INFO]: Nerfing mobs spawned from spawners: false
[23:53:57] [Server thread/INFO]: -------- World Settings For [world_nether] --------
[23:53:57] [Server thread/INFO]: Experience Merge Radius: 3.0
[23:53:57] [Server thread/INFO]: Mob Spawn Range: 6
[23:53:57] [Server thread/INFO]: Custom Map Seeds:  Village: 10387312 Desert: 14357617 Igloo: 14357618 Jungle: 14357619 Swamp: 14357620 Monument: 10387313 Ocean: 14357621 Shipwreck: 165745295 End City: 10387313 Slime: 987234911 Nether: 30084232 Mansion: 10387319 Fossil: 14357921 Portal: 34222645
[23:53:57] [Server thread/INFO]: Max TNT Explosions: 100
[23:53:57] [Server thread/INFO]: Tile Max Tick Time: 50ms Entity max Tick Time: 50ms
[23:53:57] [Server thread/INFO]: Cactus Growth Modifier: 100%
[23:53:57] [Server thread/INFO]: Cane Growth Modifier: 100%
[23:53:57] [Server thread/INFO]: Melon Growth Modifier: 100%
[23:53:57] [Server thread/INFO]: Mushroom Growth Modifier: 100%
[23:53:57] [Server thread/INFO]: Pumpkin Growth Modifier: 100%
[23:53:57] [Server thread/INFO]: Sapling Growth Modifier: 100%
[23:53:57] [Server thread/INFO]: Beetroot Growth Modifier: 100%
[23:53:57] [Server thread/INFO]: Carrot Growth Modifier: 100%
[23:53:57] [Server thread/INFO]: Potato Growth Modifier: 100%
[23:53:57] [Server thread/INFO]: Wheat Growth Modifier: 100%
[23:53:57] [Server thread/INFO]: NetherWart Growth Modifier: 100%
[23:53:57] [Server thread/INFO]: Vine Growth Modifier: 100%
[23:53:57] [Server thread/INFO]: Cocoa Growth Modifier: 100%
[23:53:57] [Server thread/INFO]: Bamboo Growth Modifier: 100%
[23:53:57] [Server thread/INFO]: SweetBerry Growth Modifier: 100%
[23:53:57] [Server thread/INFO]: Kelp Growth Modifier: 100%
[23:53:57] [Server thread/INFO]: TwistingVines Growth Modifier: 100%
[23:53:57] [Server thread/INFO]: WeepingVines Growth Modifier: 100%
[23:53:57] [Server thread/INFO]: CaveVines Growth Modifier: 100%
[23:53:57] [Server thread/INFO]: Entity Activation Range: An 32 / Mo 32 / Ra 48 / Mi 16 / Tiv true / Isa false
[23:53:57] [Server thread/INFO]: Entity Tracking Range: Pl 48 / An 48 / Mo 48 / Mi 32 / Di 128 / Other 64
[23:53:57] [Server thread/INFO]: Hopper Transfer: 8 Hopper Check: 1 Hopper Amount: 1 Hopper Can Load Chunks: false
[23:53:57] [Server thread/INFO]: View Distance: 12
[23:53:57] [Server thread/INFO]: Simulation Distance: 6
[23:53:57] [Server thread/INFO]: Item Despawn Rate: 6000
[23:53:57] [Server thread/INFO]: Item Merge Radius: 2.5
[23:53:57] [Server thread/INFO]: Arrow Despawn Rate: 1200 Trident Respawn Rate:1200
[23:53:57] [Server thread/INFO]: Allow Zombie Pigmen to spawn from portal blocks: true
[23:53:57] [Server thread/INFO]: Zombie Aggressive Towards Villager: true
[23:53:57] [Server thread/INFO]: Nerfing mobs spawned from spawners: false
[23:53:57] [Server thread/INFO]: -------- World Settings For [world_the_end] --------
[23:53:57] [Server thread/INFO]: Experience Merge Radius: 3.0
[23:53:57] [Server thread/INFO]: Mob Spawn Range: 6
[23:53:57] [Server thread/INFO]: Custom Map Seeds:  Village: 10387312 Desert: 14357617 Igloo: 14357618 Jungle: 14357619 Swamp: 14357620 Monument: 10387313 Ocean: 14357621 Shipwreck: 165745295 End City: 10387313 Slime: 987234911 Nether: 30084232 Mansion: 10387319 Fossil: 14357921 Portal: 34222645
[23:53:57] [Server thread/INFO]: Max TNT Explosions: 100
[23:53:57] [Server thread/INFO]: Tile Max Tick Time: 50ms Entity max Tick Time: 50ms
[23:53:57] [Server thread/INFO]: Cactus Growth Modifier: 100%
[23:53:57] [Server thread/INFO]: Cane Growth Modifier: 100%
[23:53:57] [Server thread/INFO]: Melon Growth Modifier: 100%
[23:53:57] [Server thread/INFO]: Mushroom Growth Modifier: 100%
[23:53:57] [Server thread/INFO]: Pumpkin Growth Modifier: 100%
[23:53:57] [Server thread/INFO]: Sapling Growth Modifier: 100%
[23:53:57] [Server thread/INFO]: Beetroot Growth Modifier: 100%
[23:53:57] [Server thread/INFO]: Carrot Growth Modifier: 100%
[23:53:57] [Server thread/INFO]: Potato Growth Modifier: 100%
[23:53:57] [Server thread/INFO]: Wheat Growth Modifier: 100%
[23:53:57] [Server thread/INFO]: NetherWart Growth Modifier: 100%
[23:53:57] [Server thread/INFO]: Vine Growth Modifier: 100%
[23:53:57] [Server thread/INFO]: Cocoa Growth Modifier: 100%
[23:53:57] [Server thread/INFO]: Bamboo Growth Modifier: 100%
[23:53:57] [Server thread/INFO]: SweetBerry Growth Modifier: 100%
[23:53:57] [Server thread/INFO]: Kelp Growth Modifier: 100%
[23:53:57] [Server thread/INFO]: TwistingVines Growth Modifier: 100%
[23:53:57] [Server thread/INFO]: WeepingVines Growth Modifier: 100%
[23:53:57] [Server thread/INFO]: CaveVines Growth Modifier: 100%
[23:53:57] [Server thread/INFO]: Entity Activation Range: An 32 / Mo 32 / Ra 48 / Mi 16 / Tiv true / Isa false
[23:53:57] [Server thread/INFO]: Entity Tracking Range: Pl 48 / An 48 / Mo 48 / Mi 32 / Di 128 / Other 64
[23:53:57] [Server thread/INFO]: Hopper Transfer: 8 Hopper Check: 1 Hopper Amount: 1 Hopper Can Load Chunks: false
[23:53:57] [Server thread/INFO]: View Distance: 12
[23:53:57] [Server thread/INFO]: Simulation Distance: 6
[23:53:57] [Server thread/INFO]: Item Despawn Rate: 6000
[23:53:57] [Server thread/INFO]: Item Merge Radius: 2.5
[23:53:57] [Server thread/INFO]: Arrow Despawn Rate: 1200 Trident Respawn Rate:1200
[23:53:57] [Server thread/INFO]: Allow Zombie Pigmen to spawn from portal blocks: true
[23:53:57] [Server thread/INFO]: Zombie Aggressive Towards Villager: true
[23:53:57] [Server thread/INFO]: Nerfing mobs spawned from spawners: false
[23:53:57] [Server thread/INFO]: Preparing start region for dimension minecraft:overworld
[23:53:57] [Worker-Main-10/INFO]: Preparing spawn area: 2%
[23:53:57] [Worker-Main-10/INFO]: Preparing spawn area: 2%
[23:53:58] [Worker-Main-4/INFO]: Preparing spawn area: 2%
[23:53:58] [Worker-Main-11/INFO]: Preparing spawn area: 18%
[23:53:59] [Worker-Main-6/INFO]: Preparing spawn area: 51%
[23:53:59] [Worker-Main-6/INFO]: Preparing spawn area: 51%
[23:54:00] [Worker-Main-8/INFO]: Preparing spawn area: 51%
[23:54:00] [Server thread/INFO]: Time elapsed: 3088 ms
[23:54:00] [Server thread/INFO]: Preparing start region for dimension minecraft:the_nether
[23:54:00] [Worker-Main-1/INFO]: Preparing spawn area: 0%
[23:54:00] [Server thread/INFO]: Time elapsed: 67 ms
[23:54:00] [Server thread/INFO]: Preparing start region for dimension minecraft:the_end
[23:54:00] [Worker-Main-2/INFO]: Preparing spawn area: 0%
[23:54:00] [Server thread/INFO]: Time elapsed: 38 ms
[23:54:00] [Server thread/INFO]: [ViaVersion] Enabling ViaVersion v5.2.1
[23:54:00] [Server thread/INFO]: [ViaVersion] ViaVersion detected server version: 1.21.2-1.21.3 (768)
[23:54:00] [Server thread/INFO]: [ViaBackwards] Enabling ViaBackwards v5.2.1
[23:54:00] [Server thread/INFO]: [Skript] Enabling Skript v2.9.5
[23:54:04] [Server thread/INFO]: [Skript] Loaded 233164 aliases in 3719ms[m
[23:54:04] [Server thread/INFO]: [Skript]  ~ created by & © Peter Güttinger aka Njol ~[m
[23:54:04] [Server thread/INFO]: [Essentials] Enabling Essentials v2.21.0-dev+154-667b0f7
[23:54:04] [Server thread/ERROR]: You are running an unsupported server version!
[23:54:04] [Server thread/INFO]: Attempting to convert old kits in config.yml to new kits.yml
[23:54:04] [Server thread/INFO]: No kits found to migrate.
[23:54:04] [Server thread/INFO]: Starting Essentials ban format conversion
[23:54:04] [Server thread/INFO]: Found 1 files to convert...
[23:54:04] [Server thread/INFO]: Converted 0/1
[23:54:04] [Server thread/INFO]: Ban format update complete.
[23:54:04] [Server thread/INFO]: Attempting to migrate ignore list to UUIDs
[23:54:04] [Server thread/INFO]: Done converting ignore list.
[23:54:04] [Server thread/INFO]: Attempting to migrate legacy userdata keys to Configurate
[23:54:04] [Server thread/INFO]: Done converting legacy userdata keys to Configurate.
[23:54:04] [Server thread/INFO]: Done converting mail list.
[23:54:04] [Server thread/INFO]: #===========================================================================#
[23:54:04] [Server thread/INFO]:  EssentialsX will now purge any NPC accounts which were incorrectly created.
[23:54:04] [Server thread/INFO]:  Only NPC accounts with the default starting balance will be deleted. If
[23:54:04] [Server thread/INFO]:  they turn out to be valid NPC accounts, they will be re-created as needed.
[23:54:04] [Server thread/INFO]:  Any files deleted here will be backed up to the 
[23:54:04] [Server thread/INFO]:  "plugins/Essentials/userdata-npc-backup" folder. If you notice any files
[23:54:04] [Server thread/INFO]:  have been purged incorrectly, you should restore it from the backup and
[23:54:04] [Server thread/INFO]:  report it to us on GitHub:
[23:54:04] [Server thread/INFO]:  https://github.com/EssentialsX/Essentials/issues/new/choose
[23:54:04] [Server thread/INFO]: 
[23:54:04] [Server thread/INFO]:  NOTE: This is a one-time process and will take several minutes if you have
[23:54:04] [Server thread/INFO]:  a lot of userdata files! If you interrupt this process, EssentialsX will
[23:54:04] [Server thread/INFO]:  skip the process until you rename or remove the backup folder.
[23:54:04] [Server thread/INFO]: #===========================================================================#
[23:54:04] [Server thread/INFO]: Found ~1 files under "plugins/Essentials/userdata"...
[23:54:04] [Server thread/INFO]: #===========================================================================#
[23:54:04] [Server thread/INFO]:  EssentialsX has finished purging NPC accounts.
[23:54:04] [Server thread/INFO]: 
[23:54:04] [Server thread/INFO]:  Deleted accounts: 0
[23:54:04] [Server thread/INFO]:  Total accounts processed: 1
[23:54:04] [Server thread/INFO]: 
[23:54:04] [Server thread/INFO]:  Purged accounts have been backed up to
[23:54:04] [Server thread/INFO]:  "plugins/Essentials/userdata-npc-backup", and can be restored from there
[23:54:04] [Server thread/INFO]:  if needed. Please report any files which have been incorrectly deleted
[23:54:04] [Server thread/INFO]:  to us on GitHub:
[23:54:04] [Server thread/INFO]:  https://github.com/EssentialsX/Essentials/issues/new/choose
[23:54:04] [Server thread/INFO]: #===========================================================================#
[23:54:04] [Server thread/INFO]: Selected 1.14+ Sign Data Provider as the provider for SignDataProvider
[23:54:04] [Server thread/INFO]: Selected Bukkit Material Tag Provider as the provider for MaterialTagProvider
[23:54:04] [Server thread/INFO]: No provider found for ContainerProvider, but it is nullable
[23:54:04] [Server thread/INFO]: Selected 1.14.4+ Persistent Data Container Provider as the provider for PersistentDataProvider
[23:54:04] [Server thread/INFO]: Selected Reflection Server State Provider as the provider for ServerStateProvider
[23:54:04] [Server thread/INFO]: No provider found for BiomeKeyProvider, but it is nullable
[23:54:04] [Server thread/INFO]: Selected 1.21+ InventoryView Interface ABI Provider as the provider for InventoryViewProvider
[23:54:04] [Server thread/INFO]: Selected 1.13+ Spawn Egg Provider as the provider for SpawnEggProvider
[23:54:04] [Server thread/INFO]: No provider found for SerializationProvider, but it is nullable
[23:54:04] [Server thread/INFO]: Selected 1.20.4+ Damage Event Provider as the provider for DamageEventProvider
[23:54:04] [Server thread/INFO]: Selected 1.17.1+ World Info Provider as the provider for WorldInfoProvider
[23:54:04] [Server thread/INFO]: Selected 1.20.6+ Potion Meta Provider as the provider for PotionMetaProvider
[23:54:04] [Server thread/INFO]: Selected 1.8.3+ Spawner Item Provider as the provider for SpawnerItemProvider
[23:54:04] [Server thread/INFO]: Selected Reflection Online Mode Provider as the provider for OnlineModeProvider
[23:54:04] [Server thread/INFO]: Selected Reflection Formatted Command Alias Provider as the provider for FormattedCommandAliasProvider
[23:54:04] [Server thread/INFO]: Selected Reflection Spawner Block Provider as the provider for SpawnerBlockProvider
[23:54:04] [Server thread/INFO]: Selected Reflection Known Commands Provider as the provider for KnownCommandsProvider
[23:54:04] [Server thread/INFO]: Selected 1.12.2+ Player Locale Provider as the provider for PlayerLocaleProvider
[23:54:04] [Server thread/INFO]: Selected 1.20.5+ Banner Data Provider as the provider for BannerDataProvider
[23:54:04] [Server thread/INFO]: Selected 1.11+ Item Unbreakable Provider as the provider for ItemUnbreakableProvider
[23:54:04] [Server thread/INFO]: Selected Reflection Sync Commands Provider as the provider for SyncCommandsProvider
[23:54:04] [Server thread/INFO]: Loaded 43465 items from items.json.
[23:54:04] [Server thread/INFO]: Using locale en_US
[23:54:04] [Server thread/INFO]: ServerListPingEvent: Spigot iterator API
[23:54:05] [Server thread/INFO]: Starting Metrics. Opt-out using the global bStats config.
[23:54:05] [Server thread/INFO]: [Vault] [Economy] Essentials Economy hooked.
[23:54:05] [Server thread/INFO]: Using superperms-based permissions.
[23:54:05] [Server thread/INFO]: [EssentialsSpawn] Enabling EssentialsSpawn v2.21.0-dev+154-667b0f7
[23:54:05] [Server thread/INFO]: Starting Metrics. Opt-out using the global bStats config.
[23:54:05] [Server thread/INFO]: [EssentialsChat] Enabling EssentialsChat v2.21.0-dev+154-667b0f7
[23:54:05] [Server thread/INFO]: Starting Metrics. Opt-out using the global bStats config.
[23:54:05] [Server thread/INFO]: Server permissions file permissions.yml is empty, ignoring it
[23:54:05] [Server thread/INFO]: Done (10.090s)! For help, type "help"
[23:54:05] [Server thread/INFO]: Starting remote control listener
[23:54:05] [Server thread/INFO]: Thread RCON Listener started
[23:54:05] [Server thread/INFO]: RCON running on 0.0.0.0:25575
[23:54:05] [Craft Scheduler Thread - 1/INFO]: [ViaVersion] Finished mapping loading, shutting down loader executor.
[23:54:05] [Server thread/INFO]: [Skript] Loading variables...[m
[23:54:05] [Server thread/INFO]: [Skript] Loaded 1 variables in 0.0 seconds[m
[23:54:05] [Server thread/INFO]: [Skript] All scripts loaded without errors.[m
[23:54:05] [Server thread/INFO]: [Skript] [0;33;1m    No scripts were found, maybe you should write some ;)[m[m
[23:54:05] [Server thread/INFO]: [Skript] Finished loading.[m
[23:54:05] [Server thread/INFO]: Essentials found a compatible payment resolution method: Vault Compatibility Layer (v1.7.3-b131)!
[23:54:05] [Craft Scheduler Thread - 2/INFO]: [Vault] Checking for Updates ... 
[23:54:05] [User Authenticator #1/INFO]: UUID of player zxclyric is c24b58c3-127e-384f-8dcc-13f36145cd29
[23:54:05] [Craft Scheduler Thread - 1/INFO]: §6Fetching version information...
[23:54:05] [Craft Scheduler Thread - 2/INFO]: [Vault] No new version available
[23:54:05] [Server thread/INFO]: zxclyric joined the game
[23:54:05] [Server thread/INFO]: zxclyric[/127.0.0.1:52602] logged in with entity id 36 at ([world]-5.5, 96.0, -8.5)
[23:54:05] [Server thread/INFO]: zxclyric has made the advancement [Getting an Upgrade]
[23:54:09] [ForkJoinPool.commonPool-worker-1/INFO]: [0;37;22m[[0;33;22mSkript[0;37;22m] [mYou're currently running the latest stable version of Skript.[m
[23:54:44] [Server thread/INFO]: Stopping the server
[23:54:44] [Server thread/INFO]: Stopping server
[23:54:44] [Server thread/INFO]: Disabling EssentialsChat v2.21.0-dev+154-667b0f7
[23:54:44] [Server thread/INFO]: Disabling EssentialsSpawn v2.21.0-dev+154-667b0f7
[23:54:44] [Server thread/INFO]: Disabling Essentials v2.21.0-dev+154-667b0f7
[23:54:44] [Server thread/INFO]: [Vault] [Economy] Essentials Economy unhooked.
[23:54:44] [Server thread/INFO]: [Skript] Disabling Skript v2.9.5
[23:54:44] [Server thread/INFO]: [ViaRewind] Disabling ViaRewind v4.0.5
[23:54:44] [Server thread/INFO]: [ViaBackwards] Disabling ViaBackwards v5.2.1
[23:54:44] [Server thread/INFO]: [PlasmoVoice] Disabling PlasmoVoice v2.1.2
[23:54:44] [Server thread/INFO]: UDP server is stopped
[23:54:44] [Server thread/INFO]: [Vault] Disabling Vault v1.7.3-b131
[23:54:44] [Server thread/INFO]: [OpenSit] Disabling OpenSit v1.0.5
[23:54:44] [Server thread/INFO]: [ViaVersion] Disabling ViaVersion v5.2.1
[23:54:44] [Server thread/INFO]: [ViaVersion] ViaVersion is disabling. If this is a reload and you experience issues, please reboot instead.
[23:54:44] [Server thread/INFO]: [ViaVersion] ViaVersion has been disabled; uninjected the platform and shut down the scheduler.
[23:54:44] [Server thread/INFO]: Saving players
[23:54:44] [Server thread/INFO]: zxclyric lost connection: Server closed
[23:54:44] [Server thread/INFO]: zxclyric left the game.
[23:54:44] [Server thread/INFO]: Saving worlds
[23:54:44] [Server thread/INFO]: Saving chunks for level 'ServerLevel[world]'/minecraft:overworld
[23:55:07] [Server thread/INFO]: Saving chunks for level 'ServerLevel[world_nether]'/minecraft:the_nether
[23:55:07] [Server thread/INFO]: Saving chunks for level 'ServerLevel[world_the_end]'/minecraft:the_end
[23:55:07] [Server thread/INFO]: ThreadedAnvilChunkStorage (world): All chunks are saved
[23:55:07] [Server thread/INFO]: ThreadedAnvilChunkStorage (DIM-1): All chunks are saved
[23:55:07] [Server thread/INFO]: ThreadedAnvilChunkStorage (DIM1): All chunks are saved
[23:55:07] [Server thread/INFO]: ThreadedAnvilChunkStorage: All dimensions are saved
[23:55:07] [Server thread/INFO]: Thread RCON Listener stopped
